[ 2019-08-28T19:10:24+08:00 ] 0.0.0.0 /6911/admin.php?m=input&a=add_save
INFO: [ app_begin ] --START--
INFO: ReadHtmlCache Behavior ::run [ RunTime:0.000000s ]
INFO: [ app_begin ] --END-- [ RunTime:0.000000s ]
SQL: SHOW COLUMNS FROM `index_input` [ RunTime:0.006001s ]
SQL: INSERT INTO `index_input` (`type_id`,`date`,`input_name`,`field_name`,`input_type_id`,`data_type_id`,`data_length`) VALUES (43,1566990581,'日期','download_date',8,1,99) [ RunTime:0.003000s ]
SQL: SHOW COLUMNS FROM `index_data_type` [ RunTime:0.005000s ]
SQL: SELECT * FROM `index_data_type` WHERE ( `data_type_id` = 1 ) LIMIT 1   [ RunTime:0.001000s ]
SQL: SHOW COLUMNS FROM `index_classify_type` [ RunTime:0.005001s ]
SQL: SELECT * FROM `index_classify_type` WHERE ( `type_id` = 43 ) LIMIT 1   [ RunTime:0.001000s ]
SQL: ALTER TABLE index_download add download_date varchar(99) [ RunTime:0.010000s ]
NOTIC: [8] Trying to get property of non-object D:\PHP\PHPTutorial\WWW\6911\ThinkPHP\Lib\Driver\Db\DbMysqli.class.php 第 101 行.
NOTIC: [8] Trying to get property of non-object D:\PHP\PHPTutorial\WWW\6911\ThinkPHP\Lib\Driver\Db\DbMysqli.class.php 第 102 行.

[ 2019-08-28T19:10:24+08:00 ] 0.0.0.0 /6911/admin.php?m=input&a=index&type_id=43
INFO: [ app_begin ] --START--
INFO: ReadHtmlCache Behavior ::run [ RunTime:0.001000s ]
INFO: [ app_begin ] --END-- [ RunTime:0.001000s ]
INFO: [ view_parse ] --START--
SQL: SHOW COLUMNS FROM `index_function_switch` [ RunTime:0.005000s ]
SQL: SELECT * FROM `index_function_switch` WHERE ( `function_switch_id` = 1 ) LIMIT 1   [ RunTime:0.003000s ]
SQL: SHOW COLUMNS FROM `index_user_page` [ RunTime:0.009001s ]
SQL: SELECT * FROM `index_user_page` WHERE ( `user_id` = 1 )  [ RunTime:0.003000s ]
NOTIC: [2] Invalid argument supplied for foreach() D:\PHP\PHPTutorial\WWW\6911\Admin\Tpl\public\head.php 第 17 行.
SQL: SHOW COLUMNS FROM `index_site` [ RunTime:0.007000s ]
SQL: SELECT * FROM `index_site` LIMIT 1   [ RunTime:0.002001s ]
SQL: SELECT * FROM `index_site`  [ RunTime:0.002000s ]
SQL: SHOW COLUMNS FROM `index_admin_classify` [ RunTime:0.006000s ]
SQL: SELECT * FROM `index_admin_classify` WHERE ( `level_id` = 2 ) ORDER BY date asc  [ RunTime:0.002000s ]
SQL: SHOW COLUMNS FROM `index_user_classify` [ RunTime:0.004000s ]
SQL: SELECT * FROM `index_user_classify` WHERE ( `user_id` = 1 ) AND ( `classify_id` = 2 ) LIMIT 1   [ RunTime:0.001000s ]
SQL: SELECT * FROM `index_user_classify` WHERE ( `user_id` = 1 ) AND ( `classify_id` = 3 ) LIMIT 1   [ RunTime:0.001001s ]
SQL: SELECT * FROM `index_user_classify` WHERE ( `user_id` = 1 ) AND ( `classify_id` = 16 ) LIMIT 1   [ RunTime:0.001000s ]
SQL: SELECT * FROM `index_user_classify` WHERE ( `user_id` = 1 ) AND ( `classify_id` = 15 ) LIMIT 1   [ RunTime:0.000000s ]
SQL: SELECT * FROM `index_user_classify` WHERE ( `user_id` = 1 ) AND ( `classify_id` = 20 ) LIMIT 1   [ RunTime:0.001000s ]
SQL: SELECT * FROM `index_user_classify` WHERE ( `user_id` = 1 ) AND ( `classify_id` = 4 ) LIMIT 1   [ RunTime:0.000000s ]
SQL: SELECT * FROM `index_user_classify` WHERE ( `user_id` = 1 ) AND ( `classify_id` = 5 ) LIMIT 1   [ RunTime:0.001000s ]
SQL: SELECT * FROM `index_user_classify` WHERE ( `user_id` = 1 ) AND ( `classify_id` = 23 ) LIMIT 1   [ RunTime:0.000000s ]
SQL: SELECT * FROM `index_admin_classify` WHERE ( `classify_pid` = 5 ) ORDER BY date asc  [ RunTime:0.000000s ]
NOTIC: [2] Invalid argument supplied for foreach() D:\PHP\PHPTutorial\WWW\6911\Admin\Tpl\public\top.php 第 36 行.
SQL: SELECT * FROM `index_site` WHERE ( `version_id` = 1 ) LIMIT 1   [ RunTime:0.001000s ]
NOTIC: [8] Undefined index: gonggao D:\PHP\PHPTutorial\WWW\6911\Admin\Tpl\public\top.php 第 53 行.
SQL: SHOW COLUMNS FROM `index_input` [ RunTime:0.007000s ]
SQL: SELECT * FROM `index_input` WHERE ( `type_id` = 43 ) AND (  (`input_pid` IS NULL)  ) ORDER BY date asc  [ RunTime:0.002000s ]
SQL: SHOW COLUMNS FROM `index_input_type` [ RunTime:0.004001s ]
SQL: SELECT * FROM `index_input_type` WHERE ( `input_type_id` = 1 ) AND ( `is_parent` = 2 )  [ RunTime:0.001000s ]
SQL: SELECT * FROM `index_input_type`  [ RunTime:0.001000s ]
SQL: SHOW COLUMNS FROM `index_data_type` [ RunTime:0.006000s ]
SQL: SELECT * FROM `index_data_type`  [ RunTime:0.001000s ]
SQL: SELECT * FROM `index_input` WHERE ( `input_pid` = 306 )  [ RunTime:0.002000s ]
NOTIC: [2] Invalid argument supplied for foreach() D:\PHP\PHPTutorial\WWW\6911\Admin\Runtime\Cache\8f1b7b24080ae3b8f3eb23da3b672bdf.php 第 90 行.
SQL: SELECT * FROM `index_input_type` WHERE ( `input_type_id` = 7 ) AND ( `is_parent` = 2 )  [ RunTime:0.001000s ]
SQL: SELECT * FROM `index_input_type`  [ RunTime:0.001000s ]
SQL: SELECT * FROM `index_data_type`  [ RunTime:0.000000s ]
SQL: SELECT * FROM `index_input` WHERE ( `input_pid` = 307 )  [ RunTime:0.002001s ]
NOTIC: [2] Invalid argument supplied for foreach() D:\PHP\PHPTutorial\WWW\6911\Admin\Runtime\Cache\8f1b7b24080ae3b8f3eb23da3b672bdf.php 第 90 行.
SQL: SELECT * FROM `index_input_type` WHERE ( `input_type_id` = 1 ) AND ( `is_parent` = 2 )  [ RunTime:0.000000s ]
SQL: SELECT * FROM `index_input_type`  [ RunTime:0.000000s ]
SQL: SELECT * FROM `index_data_type`  [ RunTime:0.001000s ]
SQL: SELECT * FROM `index_input` WHERE ( `input_pid` = 462 )  [ RunTime:0.002000s ]
NOTIC: [2] Invalid argument supplied for foreach() D:\PHP\PHPTutorial\WWW\6911\Admin\Runtime\Cache\8f1b7b24080ae3b8f3eb23da3b672bdf.php 第 90 行.
SQL: SELECT * FROM `index_input_type` WHERE ( `input_type_id` = 1 ) AND ( `is_parent` = 2 )  [ RunTime:0.002000s ]
SQL: SELECT * FROM `index_input_type`  [ RunTime:0.002000s ]
SQL: SELECT * FROM `index_data_type`  [ RunTime:0.002000s ]
SQL: SELECT * FROM `index_input` WHERE ( `input_pid` = 463 )  [ RunTime:0.003000s ]
NOTIC: [2] Invalid argument supplied for foreach() D:\PHP\PHPTutorial\WWW\6911\Admin\Runtime\Cache\8f1b7b24080ae3b8f3eb23da3b672bdf.php 第 90 行.
SQL: SELECT * FROM `index_input_type` WHERE ( `input_type_id` = 3 ) AND ( `is_parent` = 2 )  [ RunTime:0.002000s ]
SQL: SELECT * FROM `index_input_type`  [ RunTime:0.002001s ]
SQL: SELECT * FROM `index_data_type`  [ RunTime:0.002000s ]
SQL: SELECT * FROM `index_input` WHERE ( `input_pid` = 464 )  [ RunTime:0.002000s ]
NOTIC: [2] Invalid argument supplied for foreach() D:\PHP\PHPTutorial\WWW\6911\Admin\Runtime\Cache\8f1b7b24080ae3b8f3eb23da3b672bdf.php 第 90 行.
SQL: SELECT * FROM `index_input_type` WHERE ( `input_type_id` = 8 ) AND ( `is_parent` = 2 )  [ RunTime:0.002000s ]
SQL: SELECT * FROM `index_input_type`  [ RunTime:0.002000s ]
SQL: SELECT * FROM `index_data_type`  [ RunTime:0.001000s ]
SQL: SELECT * FROM `index_input` WHERE ( `input_pid` = 535 )  [ RunTime:0.002000s ]
NOTIC: [2] Invalid argument supplied for foreach() D:\PHP\PHPTutorial\WWW\6911\Admin\Runtime\Cache\8f1b7b24080ae3b8f3eb23da3b672bdf.php 第 90 行.
INFO: ParseTemplate Behavior ::run [ RunTime:0.143008s ]
INFO: [ view_parse ] --END-- [ RunTime:0.143008s ]
INFO: [ view_filter ] --START--
INFO: ContentReplace Behavior ::run [ RunTime:0.001000s ]
INFO: TokenBuild Behavior ::run [ RunTime:0.000000s ]
INFO: WriteHtmlCache Behavior ::run [ RunTime:0.001000s ]
INFO: ShowRuntime Behavior ::run [ RunTime:0.000000s ]
INFO: [ view_filter ] --END-- [ RunTime:0.002000s ]
INFO: [ view_end ] --START--
INFO: ShowPageTrace Behavior ::run [ RunTime:0.001001s ]
INFO: [ view_end ] --END-- [ RunTime:0.001001s ]

[ 2019-08-28T19:10:27+08:00 ] 0.0.0.0 /6911/admin.php?m=classify&a=index&admin_classify_id=3
INFO: [ app_begin ] --START--
INFO: ReadHtmlCache Behavior ::run [ RunTime:0.001000s ]
INFO: [ app_begin ] --END-- [ RunTime:0.001000s ]
INFO: [ view_parse ] --START--
SQL: SHOW COLUMNS FROM `index_function_switch` [ RunTime:0.004000s ]
SQL: SELECT * FROM `index_function_switch` WHERE ( `function_switch_id` = 1 ) LIMIT 1   [ RunTime:0.001000s ]
SQL: SHOW COLUMNS FROM `index_user_page` [ RunTime:0.005001s ]
SQL: SELECT * FROM `index_user_page` WHERE ( `user_id` = 1 )  [ RunTime:0.001000s ]
NOTIC: [2] Invalid argument supplied for foreach() D:\PHP\PHPTutorial\WWW\6911\Admin\Tpl\public\head.php 第 17 行.
SQL: SHOW COLUMNS FROM `index_site` [ RunTime:0.004000s ]
SQL: SELECT * FROM `index_site` LIMIT 1   [ RunTime:0.001000s ]
SQL: SELECT * FROM `index_site`  [ RunTime:0.000000s ]
SQL: SHOW COLUMNS FROM `index_admin_classify` [ RunTime:0.004000s ]
SQL: SELECT * FROM `index_admin_classify` WHERE ( `level_id` = 2 ) ORDER BY date asc  [ RunTime:0.001000s ]
SQL: SHOW COLUMNS FROM `index_user_classify` [ RunTime:0.003001s ]
SQL: SELECT * FROM `index_user_classify` WHERE ( `user_id` = 1 ) AND ( `classify_id` = 2 ) LIMIT 1   [ RunTime:0.001000s ]
SQL: SELECT * FROM `index_user_classify` WHERE ( `user_id` = 1 ) AND ( `classify_id` = 3 ) LIMIT 1   [ RunTime:0.001000s ]
SQL: SELECT * FROM `index_user_classify` WHERE ( `user_id` = 1 ) AND ( `classify_id` = 16 ) LIMIT 1   [ RunTime:0.000000s ]
SQL: SELECT * FROM `index_user_classify` WHERE ( `user_id` = 1 ) AND ( `classify_id` = 15 ) LIMIT 1   [ RunTime:0.001000s ]
SQL: SELECT * FROM `index_user_classify` WHERE ( `user_id` = 1 ) AND ( `classify_id` = 20 ) LIMIT 1   [ RunTime:0.000000s ]
SQL: SELECT * FROM `index_user_classify` WHERE ( `user_id` = 1 ) AND ( `classify_id` = 4 ) LIMIT 1   [ RunTime:0.001000s ]
SQL: SELECT * FROM `index_user_classify` WHERE ( `user_id` = 1 ) AND ( `classify_id` = 5 ) LIMIT 1   [ RunTime:0.000000s ]
SQL: SELECT * FROM `index_user_classify` WHERE ( `user_id` = 1 ) AND ( `classify_id` = 23 ) LIMIT 1   [ RunTime:0.000000s ]
SQL: SELECT * FROM `index_admin_classify` WHERE ( `classify_pid` = 3 ) ORDER BY date asc  [ RunTime:0.000000s ]
NOTIC: [2] Invalid argument supplied for foreach() D:\PHP\PHPTutorial\WWW\6911\Admin\Tpl\public\top.php 第 36 行.
SQL: SHOW COLUMNS FROM `index_classify` [ RunTime:0.004000s ]
SQL: SELECT * FROM `index_classify` WHERE ( `classify_pid` = 1 )  [ RunTime:0.001000s ]
SQL: SELECT * FROM `index_site` WHERE ( `version_id` = 1 ) LIMIT 1   [ RunTime:0.002000s ]
NOTIC: [8] Undefined index: gonggao D:\PHP\PHPTutorial\WWW\6911\Admin\Tpl\public\top.php 第 53 行.
SQL: SELECT `level_id`,`classify_id`,`classify_pid` FROM `index_classify` WHERE ( `classify_id` = 0 ) LIMIT 1   [ RunTime:0.001000s ]
SQL: SELECT `classify_id`,`level_id`,`classify_pid`,`type_id`,`classify_name`,`date`,`is_delete`,`classify_img`,`note`,`page_img` FROM `index_classify` WHERE ( `classify_id` = 1 ) AND ( `level_id` > 1 ) ORDER BY date asc  [ RunTime:0.001000s ]
NOTIC: [2] Invalid argument supplied for foreach() D:\PHP\PHPTutorial\WWW\6911\Admin\Runtime\Cache\5564defe1e21527f222900f417fbd662.php 第 31 行.
SQL: SELECT `classify_id`,`level_id`,`classify_pid`,`type_id`,`classify_name`,`date`,`is_delete`,`classify_img`,`note`,`page_img` FROM `index_classify` WHERE ( `version_id` = 1 ) ORDER BY date asc  [ RunTime:0.001000s ]
SQL: SELECT * FROM `index_classify` WHERE ( `classify_pid` = 2 ) LIMIT 1   [ RunTime:0.000000s ]
SQL: SHOW COLUMNS FROM `index_classify_type` [ RunTime:0.005001s ]
SQL: SELECT * FROM `index_classify_type` WHERE ( `type_id` = 13 ) LIMIT 1   [ RunTime:0.000000s ]
SQL: SHOW COLUMNS FROM `index_relevance` [ RunTime:0.003000s ]
SQL: SELECT COUNT(*) AS tp_count FROM `index_relevance` WHERE ( `classify_id` = 2 ) LIMIT 1   [ RunTime:0.001000s ]
SQL: SHOW COLUMNS FROM `index_input` [ RunTime:0.004000s ]
SQL: SELECT * FROM `index_input` WHERE ( `input_pid` = 351 )  [ RunTime:0.001000s ]
SQL: SELECT * FROM `index_classify` WHERE ( `classify_pid` = 2 ) LIMIT 1   [ RunTime:0.001000s ]
SQL: SELECT * FROM `index_classify` WHERE ( `classify_pid` = 207 ) LIMIT 1   [ RunTime:0.000000s ]
SQL: SELECT * FROM `index_classify_type` WHERE ( `type_id` = 13 ) LIMIT 1   [ RunTime:0.001000s ]
SQL: SELECT COUNT(*) AS tp_count FROM `index_relevance` WHERE ( `classify_id` = 207 ) LIMIT 1   [ RunTime:0.000000s ]
SQL: SELECT * FROM `index_input` WHERE ( `input_pid` = 351 )  [ RunTime:0.001000s ]
SQL: SELECT * FROM `index_classify` WHERE ( `classify_pid` = 207 ) LIMIT 1   [ RunTime:0.001001s ]
SQL: SELECT * FROM `index_classify` WHERE ( `classify_pid` = 209 ) LIMIT 1   [ RunTime:0.001000s ]
SQL: SELECT * FROM `index_classify_type` WHERE ( `type_id` = 13 ) LIMIT 1   [ RunTime:0.000000s ]
SQL: SELECT COUNT(*) AS tp_count FROM `index_relevance` WHERE ( `classify_id` = 209 ) LIMIT 1   [ RunTime:0.001000s ]
SQL: SELECT * FROM `index_input` WHERE ( `input_pid` = 351 )  [ RunTime:0.001000s ]
SQL: SELECT * FROM `index_classify` WHERE ( `classify_pid` = 209 ) LIMIT 1   [ RunTime:0.001000s ]
SQL: SELECT * FROM `index_classify` WHERE ( `classify_pid` = 214 ) LIMIT 1   [ RunTime:0.001000s ]
SQL: SELECT * FROM `index_classify_type` WHERE ( `type_id` = 13 ) LIMIT 1   [ RunTime:0.000000s ]
SQL: SELECT COUNT(*) AS tp_count FROM `index_relevance` WHERE ( `classify_id` = 214 ) LIMIT 1   [ RunTime:0.001000s ]
SQL: SELECT * FROM `index_input` WHERE ( `input_pid` = 351 )  [ RunTime:0.001000s ]
SQL: SELECT * FROM `index_classify` WHERE ( `classify_pid` = 214 ) LIMIT 1   [ RunTime:0.001000s ]
SQL: SELECT * FROM `index_classify` WHERE ( `classify_pid` = 215 ) LIMIT 1   [ RunTime:0.000000s ]
SQL: SELECT * FROM `index_classify_type` WHERE ( `type_id` = 13 ) LIMIT 1   [ RunTime:0.001000s ]
SQL: SELECT COUNT(*) AS tp_count FROM `index_relevance` WHERE ( `classify_id` = 215 ) LIMIT 1   [ RunTime:0.000000s ]
SQL: SELECT * FROM `index_input` WHERE ( `input_pid` = 351 )  [ RunTime:0.001000s ]
SQL: SELECT * FROM `index_classify` WHERE ( `classify_pid` = 215 ) LIMIT 1   [ RunTime:0.001000s ]
SQL: SELECT * FROM `index_classify` WHERE ( `classify_pid` = 217 ) LIMIT 1   [ RunTime:0.000000s ]
SQL: SELECT * FROM `index_classify_type` WHERE ( `type_id` = 13 ) LIMIT 1   [ RunTime:0.001000s ]
SQL: SELECT COUNT(*) AS tp_count FROM `index_relevance` WHERE ( `classify_id` = 217 ) LIMIT 1   [ RunTime:0.000000s ]
SQL: SELECT * FROM `index_input` WHERE ( `input_pid` = 351 )  [ RunTime:0.001000s ]
SQL: SELECT * FROM `index_classify` WHERE ( `classify_pid` = 217 ) LIMIT 1   [ RunTime:0.000000s ]
SQL: SELECT * FROM `index_classify` WHERE ( `classify_pid` = 210 ) LIMIT 1   [ RunTime:0.001000s ]
SQL: SELECT * FROM `index_classify_type` WHERE ( `type_id` = 14 ) LIMIT 1   [ RunTime:0.000000s ]
SQL: SELECT COUNT(*) AS tp_count FROM `index_relevance` WHERE ( `classify_id` = 210 ) LIMIT 1   [ RunTime:0.001000s ]
SQL: SELECT * FROM `index_input` WHERE ( `input_pid` = 351 )  [ RunTime:0.002001s ]
SQL: SELECT * FROM `index_classify` WHERE ( `classify_pid` = 210 ) LIMIT 1   [ RunTime:0.001000s ]
SQL: SELECT * FROM `index_classify` WHERE ( `classify_pid` = 218 ) LIMIT 1   [ RunTime:0.001000s ]
SQL: SELECT * FROM `index_classify_type` WHERE ( `type_id` = 61 ) LIMIT 1   [ RunTime:0.000000s ]
SQL: SELECT COUNT(*) AS tp_count FROM `index_relevance` WHERE ( `classify_id` = 218 ) LIMIT 1   [ RunTime:0.000000s ]
SQL: SELECT * FROM `index_input` WHERE ( `input_pid` = 351 )  [ RunTime:0.001000s ]
SQL: SELECT * FROM `index_classify` WHERE ( `classify_pid` = 218 ) LIMIT 1   [ RunTime:0.001000s ]
SQL: SELECT * FROM `index_classify` WHERE ( `classify_pid` = 220 ) LIMIT 1   [ RunTime:0.001000s ]
SQL: SELECT * FROM `index_classify_type` WHERE ( `type_id` = 63 ) LIMIT 1   [ RunTime:0.000000s ]
SQL: SELECT COUNT(*) AS tp_count FROM `index_relevance` WHERE ( `classify_id` = 220 ) LIMIT 1   [ RunTime:0.001000s ]
SQL: SELECT * FROM `index_input` WHERE ( `input_pid` = 351 )  [ RunTime:0.002000s ]
SQL: SELECT * FROM `index_classify` WHERE ( `classify_pid` = 220 ) LIMIT 1   [ RunTime:0.000000s ]
SQL: SELECT * FROM `index_classify` WHERE ( `classify_pid` = 221 ) LIMIT 1   [ RunTime:0.001000s ]
SQL: SELECT * FROM `index_classify_type` WHERE ( `type_id` = 43 ) LIMIT 1   [ RunTime:0.001000s ]
SQL: SELECT COUNT(*) AS tp_count FROM `index_relevance` WHERE ( `classify_id` = 221 ) LIMIT 1   [ RunTime:0.000000s ]
SQL: SELECT * FROM `index_input` WHERE ( `input_pid` = 351 )  [ RunTime:0.001000s ]
SQL: SELECT * FROM `index_classify` WHERE ( `classify_pid` = 221 ) LIMIT 1   [ RunTime:0.001000s ]
SQL: SELECT * FROM `index_classify` WHERE ( `classify_pid` = 4 ) LIMIT 1   [ RunTime:0.000000s ]
SQL: SELECT * FROM `index_classify_type` WHERE ( `type_id` = 13 ) LIMIT 1   [ RunTime:0.001000s ]
SQL: SELECT COUNT(*) AS tp_count FROM `index_relevance` WHERE ( `classify_id` = 4 ) LIMIT 1   [ RunTime:0.000000s ]
SQL: SELECT * FROM `index_input` WHERE ( `input_pid` = 351 )  [ RunTime:0.002000s ]
SQL: SELECT * FROM `index_classify` WHERE ( `classify_pid` = 4 ) LIMIT 1   [ RunTime:0.001000s ]
SQL: SELECT * FROM `index_classify` WHERE ( `classify_pid` = 204 ) LIMIT 1   [ RunTime:0.001001s ]
SQL: SELECT * FROM `index_classify_type` WHERE ( `type_id` = 6 ) LIMIT 1   [ RunTime:0.001000s ]
SQL: SELECT COUNT(*) AS tp_count FROM `index_relevance` WHERE ( `classify_id` = 204 ) LIMIT 1   [ RunTime:0.000000s ]
SQL: SELECT * FROM `index_input` WHERE ( `input_pid` = 351 )  [ RunTime:0.002000s ]
SQL: SELECT * FROM `index_classify` WHERE ( `classify_pid` = 204 ) LIMIT 1   [ RunTime:0.001000s ]
SQL: SELECT * FROM `index_classify` WHERE ( `classify_pid` = 211 ) LIMIT 1   [ RunTime:0.000000s ]
SQL: SELECT * FROM `index_classify_type` WHERE ( `type_id` = 14 ) LIMIT 1   [ RunTime:0.001000s ]
SQL: SELECT COUNT(*) AS tp_count FROM `index_relevance` WHERE ( `classify_id` = 211 ) LIMIT 1   [ RunTime:0.001000s ]
SQL: SELECT * FROM `index_input` WHERE ( `input_pid` = 351 )  [ RunTime:0.001000s ]
SQL: SELECT * FROM `index_classify` WHERE ( `classify_pid` = 211 ) LIMIT 1   [ RunTime:0.000000s ]
SQL: SELECT * FROM `index_classify` WHERE ( `classify_pid` = 212 ) LIMIT 1   [ RunTime:0.001000s ]
SQL: SELECT * FROM `index_classify_type` WHERE ( `type_id` = 3 ) LIMIT 1   [ RunTime:0.000000s ]
SQL: SELECT COUNT(*) AS tp_count FROM `index_relevance` WHERE ( `classify_id` = 212 ) LIMIT 1   [ RunTime:0.001000s ]
SQL: SELECT * FROM `index_input` WHERE ( `input_pid` = 351 )  [ RunTime:0.000000s ]
SQL: SELECT * FROM `index_classify` WHERE ( `classify_pid` = 212 ) LIMIT 1   [ RunTime:0.000000s ]
SQL: SELECT * FROM `index_classify` WHERE ( `classify_pid` = 213 ) LIMIT 1   [ RunTime:0.001000s ]
SQL: SELECT * FROM `index_classify_type` WHERE ( `type_id` = 60 ) LIMIT 1   [ RunTime:0.000000s ]
SQL: SELECT COUNT(*) AS tp_count FROM `index_relevance` WHERE ( `classify_id` = 213 ) LIMIT 1   [ RunTime:0.000000s ]
SQL: SELECT * FROM `index_input` WHERE ( `input_pid` = 351 )  [ RunTime:0.000000s ]
SQL: SELECT * FROM `index_classify` WHERE ( `classify_pid` = 213 ) LIMIT 1   [ RunTime:0.001000s ]
SQL: SELECT * FROM `index_classify` WHERE ( `classify_pid` = 206 ) LIMIT 1   [ RunTime:0.001000s ]
SQL: SELECT * FROM `index_classify_type` WHERE ( `type_id` = 7 ) LIMIT 1   [ RunTime:0.002000s ]
SQL: SELECT COUNT(*) AS tp_count FROM `index_relevance` WHERE ( `classify_id` = 206 ) LIMIT 1   [ RunTime:0.001001s ]
SQL: SELECT * FROM `index_input` WHERE ( `input_pid` = 351 )  [ RunTime:0.002000s ]
SQL: SELECT * FROM `index_classify` WHERE ( `classify_pid` = 206 ) LIMIT 1   [ RunTime:0.002000s ]
SQL: SELECT * FROM `index_classify` WHERE ( `classify_pid` = 219 ) LIMIT 1   [ RunTime:0.002000s ]
SQL: SELECT * FROM `index_classify_type` WHERE ( `type_id` = 62 ) LIMIT 1   [ RunTime:0.001000s ]
SQL: SELECT COUNT(*) AS tp_count FROM `index_relevance` WHERE ( `classify_id` = 219 ) LIMIT 1   [ RunTime:0.001000s ]
SQL: SELECT * FROM `index_input` WHERE ( `input_pid` = 351 )  [ RunTime:0.001000s ]
SQL: SELECT * FROM `index_classify` WHERE ( `classify_pid` = 219 ) LIMIT 1   [ RunTime:0.000000s ]
INFO: ParseTemplate Behavior ::run [ RunTime:0.141008s ]
INFO: [ view_parse ] --END-- [ RunTime:0.141008s ]
INFO: [ view_filter ] --START--
INFO: ContentReplace Behavior ::run [ RunTime:0.000000s ]
INFO: TokenBuild Behavior ::run [ RunTime:0.000000s ]
INFO: WriteHtmlCache Behavior ::run [ RunTime:0.001000s ]
INFO: ShowRuntime Behavior ::run [ RunTime:0.000000s ]
INFO: [ view_filter ] --END-- [ RunTime:0.001000s ]
INFO: [ view_end ] --START--
INFO: ShowPageTrace Behavior ::run [ RunTime:0.001000s ]
INFO: [ view_end ] --END-- [ RunTime:0.001000s ]

[ 2019-08-28T19:10:30+08:00 ] 0.0.0.0 /6911/admin.php?m=classify&a=edit&classify_id=221
INFO: [ app_begin ] --START--
INFO: ReadHtmlCache Behavior ::run [ RunTime:0.001000s ]
INFO: [ app_begin ] --END-- [ RunTime:0.001000s ]
NOTIC: [8] Constant THEME_NAME already defined D:\PHP\PHPTutorial\WWW\6911\ThinkPHP\Lib\Core\View.class.php 第 223 行.
NOTIC: [8] Constant THEME_PATH already defined D:\PHP\PHPTutorial\WWW\6911\ThinkPHP\Lib\Core\View.class.php 第 174 行.
NOTIC: [8] Constant APP_TMPL_PATH already defined D:\PHP\PHPTutorial\WWW\6911\ThinkPHP\Lib\Core\View.class.php 第 175 行.
INFO: [ view_parse ] --START--
SQL: SHOW COLUMNS FROM `index_function_switch` [ RunTime:0.007000s ]
SQL: SELECT * FROM `index_function_switch` WHERE ( `function_switch_id` = 1 ) LIMIT 1   [ RunTime:0.002000s ]
SQL: SHOW COLUMNS FROM `index_user_page` [ RunTime:0.010001s ]
SQL: SELECT * FROM `index_user_page` WHERE ( `user_id` = 1 )  [ RunTime:0.001000s ]
NOTIC: [2] Invalid argument supplied for foreach() D:\PHP\PHPTutorial\WWW\6911\Admin\Tpl\public\head.php 第 17 行.
SQL: SHOW COLUMNS FROM `index_site` [ RunTime:0.007000s ]
SQL: SELECT * FROM `index_site` LIMIT 1   [ RunTime:0.003000s ]
SQL: SHOW COLUMNS FROM `index_classify` [ RunTime:0.013001s ]
SQL: SELECT * FROM `index_classify` WHERE ( `classify_id` = 221 ) LIMIT 1   [ RunTime:0.002000s ]
SQL: SELECT `classify_id`,`level_id`,`classify_pid`,`type_id`,`classify_name` FROM `index_classify` WHERE ( `version_id` = 1 )  [ RunTime:0.003000s ]
SQL: SHOW COLUMNS FROM `index_relevance` [ RunTime:0.009001s ]
SQL: SELECT COUNT(*) AS tp_count FROM `index_relevance` WHERE ( `classify_id` = 221 ) LIMIT 1   [ RunTime:0.002000s ]
SQL: SHOW COLUMNS FROM `index_classify_type` [ RunTime:0.006000s ]
SQL: SELECT * FROM `index_classify_type` WHERE ( `show_id` = 2 ) ORDER BY date asc  [ RunTime:0.001000s ]
SQL: SHOW COLUMNS FROM `index_input` [ RunTime:0.005001s ]
SQL: SELECT * FROM `index_input` WHERE ( `type_id` = 4 ) AND ( `edit_switch` = 2 ) AND (  (`input_pid` is null)  ) ORDER BY date asc  [ RunTime:0.002000s ]
NOTIC: [8] Undefined variable: field_name D:\PHP\PHPTutorial\WWW\6911\Admin\Runtime\Cache\8e87b43eac54823303b8e5741296e940.php 第 311 行.
INFO: ParseTemplate Behavior ::run [ RunTime:0.096006s ]
INFO: [ view_parse ] --END-- [ RunTime:0.096006s ]
INFO: [ view_filter ] --START--
INFO: ContentReplace Behavior ::run [ RunTime:0.002000s ]
INFO: TokenBuild Behavior ::run [ RunTime:0.000000s ]
INFO: WriteHtmlCache Behavior ::run [ RunTime:0.000000s ]
INFO: ShowRuntime Behavior ::run [ RunTime:0.001000s ]
INFO: [ view_filter ] --END-- [ RunTime:0.003000s ]
INFO: [ view_end ] --START--
INFO: ShowPageTrace Behavior ::run [ RunTime:0.000000s ]
INFO: [ view_end ] --END-- [ RunTime:0.000000s ]

[ 2019-08-28T19:10:37+08:00 ] 0.0.0.0 /6911/admin.php?m=content&a=add&type_id=43&classify_id=221&time=1566990627
INFO: [ app_begin ] --START--
INFO: ReadHtmlCache Behavior ::run [ RunTime:0.001000s ]
INFO: [ app_begin ] --END-- [ RunTime:0.001000s ]
NOTIC: [8] Constant THEME_NAME already defined D:\PHP\PHPTutorial\WWW\6911\ThinkPHP\Lib\Core\View.class.php 第 223 行.
NOTIC: [8] Constant THEME_PATH already defined D:\PHP\PHPTutorial\WWW\6911\ThinkPHP\Lib\Core\View.class.php 第 174 行.
NOTIC: [8] Constant APP_TMPL_PATH already defined D:\PHP\PHPTutorial\WWW\6911\ThinkPHP\Lib\Core\View.class.php 第 175 行.
INFO: [ view_parse ] --START--
SQL: SHOW COLUMNS FROM `index_function_switch` [ RunTime:0.008000s ]
SQL: SELECT * FROM `index_function_switch` WHERE ( `function_switch_id` = 1 ) LIMIT 1   [ RunTime:0.002000s ]
SQL: SHOW COLUMNS FROM `index_user_page` [ RunTime:0.008001s ]
SQL: SELECT * FROM `index_user_page` WHERE ( `user_id` = 1 )  [ RunTime:0.003000s ]
NOTIC: [2] Invalid argument supplied for foreach() D:\PHP\PHPTutorial\WWW\6911\Admin\Tpl\public\head.php 第 17 行.
SQL: SHOW COLUMNS FROM `index_site` [ RunTime:0.009000s ]
SQL: SELECT * FROM `index_site` LIMIT 1   [ RunTime:0.001000s ]
SQL: SHOW COLUMNS FROM `index_input` [ RunTime:0.008001s ]
SQL: SELECT * FROM `index_input` WHERE ( `type_id` = 43 ) AND ( `edit_switch` = 2 ) AND (  (`input_pid` is null)  ) ORDER BY date asc  [ RunTime:0.004000s ]
NOTIC: [8] Undefined variable: field_name D:\PHP\PHPTutorial\WWW\6911\Admin\Runtime\Cache\c4d1c3b1b93253e32f2132cefd0ba223.php 第 298 行.
INFO: ParseTemplate Behavior ::run [ RunTime:0.069004s ]
INFO: [ view_parse ] --END-- [ RunTime:0.069004s ]
INFO: [ view_filter ] --START--
INFO: ContentReplace Behavior ::run [ RunTime:0.000000s ]
INFO: TokenBuild Behavior ::run [ RunTime:0.001000s ]
INFO: WriteHtmlCache Behavior ::run [ RunTime:0.002000s ]
INFO: ShowRuntime Behavior ::run [ RunTime:0.002000s ]
INFO: [ view_filter ] --END-- [ RunTime:0.005000s ]
INFO: [ view_end ] --START--
INFO: ShowPageTrace Behavior ::run [ RunTime:0.002001s ]
INFO: [ view_end ] --END-- [ RunTime:0.002001s ]

[ 2019-08-28T19:10:54+08:00 ] 0.0.0.0 /6911/admin.php?m=content&a=add_save
INFO: [ app_begin ] --START--
INFO: ReadHtmlCache Behavior ::run [ RunTime:0.001000s ]
INFO: [ app_begin ] --END-- [ RunTime:0.001000s ]
SQL: SHOW COLUMNS FROM `index_classify_type` [ RunTime:0.004001s ]
SQL: SELECT `table_name` FROM `index_classify_type` WHERE ( `type_id` = 43 ) LIMIT 1   [ RunTime:0.000000s ]
SQL: SHOW COLUMNS FROM `index_download` [ RunTime:0.006000s ]
NOTIC: [8] Undefined variable: content_id D:\PHP\PHPTutorial\WWW\6911\Admin\Lib\Action\contentAction.class.php 第 338 行.
SQL: SELECT * FROM `index_download` WHERE ( `download_id` = null )  [ RunTime:0.000000s ]
SQL: SHOW COLUMNS FROM `index_input` [ RunTime:0.004000s ]
SQL: SELECT * FROM `index_input` WHERE ( `type_id` = 43 ) AND ( `edit_switch` = 2 ) AND ( `input_type_id` = 4 )  [ RunTime:0.001000s ]
NOTIC: [2] Invalid argument supplied for foreach() D:\PHP\PHPTutorial\WWW\6911\Admin\Lib\Action\contentAction.class.php 第 340 行.
SQL: SELECT * FROM `index_input` WHERE ( `type_id` = 43 ) AND ( `edit_switch` = 2 ) AND ( `input_type_id` = 7 )  [ RunTime:0.000000s ]
SQL: SELECT * FROM `index_input` WHERE ( `type_id` = 43 ) AND ( `edit_switch` = 2 ) AND ( `input_type_id` = 8 )  [ RunTime:0.001000s ]
SQL: INSERT INTO `index_download` (`date`,`version_id`,`type_id`,`download_name`,`pv`,`download_number`,`download_content`,`download_date`,`title`,`keywords`,`description`) VALUES (1566990637,1,43,'该网站使用的是2018-04-24 教程',0,0,'',1566144000,'','','') [ RunTime:0.001000s ]
SQL: SHOW COLUMNS FROM `index_relevance` [ RunTime:0.003001s ]
SQL: INSERT INTO `index_relevance` (`classify_id`,`content_id`,`main_id`,`type_id`) VALUES (221,1,1,43) [ RunTime:0.001000s ]

[ 2019-08-28T19:10:54+08:00 ] 0.0.0.0 /6911/admin.php?m=classify&a=index&admin_classify_id=3
INFO: [ app_begin ] --START--
INFO: ReadHtmlCache Behavior ::run [ RunTime:0.001000s ]
INFO: [ app_begin ] --END-- [ RunTime:0.001000s ]
INFO: [ view_parse ] --START--
SQL: SHOW COLUMNS FROM `index_function_switch` [ RunTime:0.008000s ]
SQL: SELECT * FROM `index_function_switch` WHERE ( `function_switch_id` = 1 ) LIMIT 1   [ RunTime:0.001000s ]
SQL: SHOW COLUMNS FROM `index_user_page` [ RunTime:0.006000s ]
SQL: SELECT * FROM `index_user_page` WHERE ( `user_id` = 1 )  [ RunTime:0.001000s ]
NOTIC: [2] Invalid argument supplied for foreach() D:\PHP\PHPTutorial\WWW\6911\Admin\Tpl\public\head.php 第 17 行.
SQL: SHOW COLUMNS FROM `index_site` [ RunTime:0.005001s ]
SQL: SELECT * FROM `index_site` LIMIT 1   [ RunTime:0.000000s ]
SQL: SELECT * FROM `index_site`  [ RunTime:0.001000s ]
SQL: SHOW COLUMNS FROM `index_admin_classify` [ RunTime:0.004000s ]
SQL: SELECT * FROM `index_admin_classify` WHERE ( `level_id` = 2 ) ORDER BY date asc  [ RunTime:0.000000s ]
SQL: SHOW COLUMNS FROM `index_user_classify` [ RunTime:0.007001s ]
SQL: SELECT * FROM `index_user_classify` WHERE ( `user_id` = 1 ) AND ( `classify_id` = 2 ) LIMIT 1   [ RunTime:0.000000s ]
SQL: SELECT * FROM `index_user_classify` WHERE ( `user_id` = 1 ) AND ( `classify_id` = 3 ) LIMIT 1   [ RunTime:0.001000s ]
SQL: SELECT * FROM `index_user_classify` WHERE ( `user_id` = 1 ) AND ( `classify_id` = 16 ) LIMIT 1   [ RunTime:0.001000s ]
SQL: SELECT * FROM `index_user_classify` WHERE ( `user_id` = 1 ) AND ( `classify_id` = 15 ) LIMIT 1   [ RunTime:0.001000s ]
SQL: SELECT * FROM `index_user_classify` WHERE ( `user_id` = 1 ) AND ( `classify_id` = 20 ) LIMIT 1   [ RunTime:0.001000s ]
SQL: SELECT * FROM `index_user_classify` WHERE ( `user_id` = 1 ) AND ( `classify_id` = 4 ) LIMIT 1   [ RunTime:0.000000s ]
SQL: SELECT * FROM `index_user_classify` WHERE ( `user_id` = 1 ) AND ( `classify_id` = 5 ) LIMIT 1   [ RunTime:0.001000s ]
SQL: SELECT * FROM `index_user_classify` WHERE ( `user_id` = 1 ) AND ( `classify_id` = 23 ) LIMIT 1   [ RunTime:0.000000s ]
SQL: SELECT * FROM `index_admin_classify` WHERE ( `classify_pid` = 3 ) ORDER BY date asc  [ RunTime:0.000000s ]
NOTIC: [2] Invalid argument supplied for foreach() D:\PHP\PHPTutorial\WWW\6911\Admin\Tpl\public\top.php 第 36 行.
SQL: SHOW COLUMNS FROM `index_classify` [ RunTime:0.006000s ]
SQL: SELECT * FROM `index_classify` WHERE ( `classify_pid` = 1 )  [ RunTime:0.001000s ]
SQL: SELECT * FROM `index_site` WHERE ( `version_id` = 1 ) LIMIT 1   [ RunTime:0.001000s ]
NOTIC: [8] Undefined index: gonggao D:\PHP\PHPTutorial\WWW\6911\Admin\Tpl\public\top.php 第 53 行.
SQL: SELECT `level_id`,`classify_id`,`classify_pid` FROM `index_classify` WHERE ( `classify_id` = 0 ) LIMIT 1   [ RunTime:0.000000s ]
SQL: SELECT `classify_id`,`level_id`,`classify_pid`,`type_id`,`classify_name`,`date`,`is_delete`,`classify_img`,`note`,`page_img` FROM `index_classify` WHERE ( `classify_id` = 1 ) AND ( `level_id` > 1 ) ORDER BY date asc  [ RunTime:0.000000s ]
NOTIC: [2] Invalid argument supplied for foreach() D:\PHP\PHPTutorial\WWW\6911\Admin\Runtime\Cache\5564defe1e21527f222900f417fbd662.php 第 31 行.
SQL: SELECT `classify_id`,`level_id`,`classify_pid`,`type_id`,`classify_name`,`date`,`is_delete`,`classify_img`,`note`,`page_img` FROM `index_classify` WHERE ( `version_id` = 1 ) ORDER BY date asc  [ RunTime:0.000000s ]
SQL: SELECT * FROM `index_classify` WHERE ( `classify_pid` = 2 ) LIMIT 1   [ RunTime:0.001000s ]
SQL: SHOW COLUMNS FROM `index_classify_type` [ RunTime:0.006000s ]
SQL: SELECT * FROM `index_classify_type` WHERE ( `type_id` = 13 ) LIMIT 1   [ RunTime:0.000000s ]
SQL: SHOW COLUMNS FROM `index_relevance` [ RunTime:0.004000s ]
SQL: SELECT COUNT(*) AS tp_count FROM `index_relevance` WHERE ( `classify_id` = 2 ) LIMIT 1   [ RunTime:0.001000s ]
SQL: SHOW COLUMNS FROM `index_input` [ RunTime:0.003000s ]
SQL: SELECT * FROM `index_input` WHERE ( `input_pid` = 351 )  [ RunTime:0.001001s ]
SQL: SELECT * FROM `index_classify` WHERE ( `classify_pid` = 2 ) LIMIT 1   [ RunTime:0.000000s ]
SQL: SELECT * FROM `index_classify` WHERE ( `classify_pid` = 207 ) LIMIT 1   [ RunTime:0.001000s ]
SQL: SELECT * FROM `index_classify_type` WHERE ( `type_id` = 13 ) LIMIT 1   [ RunTime:0.000000s ]
SQL: SELECT COUNT(*) AS tp_count FROM `index_relevance` WHERE ( `classify_id` = 207 ) LIMIT 1   [ RunTime:0.000000s ]
SQL: SELECT * FROM `index_input` WHERE ( `input_pid` = 351 )  [ RunTime:0.000000s ]
SQL: SELECT * FROM `index_classify` WHERE ( `classify_pid` = 207 ) LIMIT 1   [ RunTime:0.001000s ]
SQL: SELECT * FROM `index_classify` WHERE ( `classify_pid` = 209 ) LIMIT 1   [ RunTime:0.000000s ]
SQL: SELECT * FROM `index_classify_type` WHERE ( `type_id` = 13 ) LIMIT 1   [ RunTime:0.000000s ]
SQL: SELECT COUNT(*) AS tp_count FROM `index_relevance` WHERE ( `classify_id` = 209 ) LIMIT 1   [ RunTime:0.000000s ]
SQL: SELECT * FROM `index_input` WHERE ( `input_pid` = 351 )  [ RunTime:0.001000s ]
SQL: SELECT * FROM `index_classify` WHERE ( `classify_pid` = 209 ) LIMIT 1   [ RunTime:0.000000s ]
SQL: SELECT * FROM `index_classify` WHERE ( `classify_pid` = 214 ) LIMIT 1   [ RunTime:0.000000s ]
SQL: SELECT * FROM `index_classify_type` WHERE ( `type_id` = 13 ) LIMIT 1   [ RunTime:0.000000s ]
SQL: SELECT COUNT(*) AS tp_count FROM `index_relevance` WHERE ( `classify_id` = 214 ) LIMIT 1   [ RunTime:0.001000s ]
SQL: SELECT * FROM `index_input` WHERE ( `input_pid` = 351 )  [ RunTime:0.000000s ]
SQL: SELECT * FROM `index_classify` WHERE ( `classify_pid` = 214 ) LIMIT 1   [ RunTime:0.000000s ]
SQL: SELECT * FROM `index_classify` WHERE ( `classify_pid` = 215 ) LIMIT 1   [ RunTime:0.000000s ]
SQL: SELECT * FROM `index_classify_type` WHERE ( `type_id` = 13 ) LIMIT 1   [ RunTime:0.000000s ]
SQL: SELECT COUNT(*) AS tp_count FROM `index_relevance` WHERE ( `classify_id` = 215 ) LIMIT 1   [ RunTime:0.000000s ]
SQL: SELECT * FROM `index_input` WHERE ( `input_pid` = 351 )  [ RunTime:0.000000s ]
SQL: SELECT * FROM `index_classify` WHERE ( `classify_pid` = 215 ) LIMIT 1   [ RunTime:0.000000s ]
SQL: SELECT * FROM `index_classify` WHERE ( `classify_pid` = 217 ) LIMIT 1   [ RunTime:0.000000s ]
SQL: SELECT * FROM `index_classify_type` WHERE ( `type_id` = 13 ) LIMIT 1   [ RunTime:0.000000s ]
SQL: SELECT COUNT(*) AS tp_count FROM `index_relevance` WHERE ( `classify_id` = 217 ) LIMIT 1   [ RunTime:0.000000s ]
SQL: SELECT * FROM `index_input` WHERE ( `input_pid` = 351 )  [ RunTime:0.000000s ]
SQL: SELECT * FROM `index_classify` WHERE ( `classify_pid` = 217 ) LIMIT 1   [ RunTime:0.001000s ]
SQL: SELECT * FROM `index_classify` WHERE ( `classify_pid` = 210 ) LIMIT 1   [ RunTime:0.000000s ]
SQL: SELECT * FROM `index_classify_type` WHERE ( `type_id` = 14 ) LIMIT 1   [ RunTime:0.000000s ]
SQL: SELECT COUNT(*) AS tp_count FROM `index_relevance` WHERE ( `classify_id` = 210 ) LIMIT 1   [ RunTime:0.000000s ]
SQL: SELECT * FROM `index_input` WHERE ( `input_pid` = 351 )  [ RunTime:0.001000s ]
SQL: SELECT * FROM `index_classify` WHERE ( `classify_pid` = 210 ) LIMIT 1   [ RunTime:0.000000s ]
SQL: SELECT * FROM `index_classify` WHERE ( `classify_pid` = 218 ) LIMIT 1   [ RunTime:0.000000s ]
SQL: SELECT * FROM `index_classify_type` WHERE ( `type_id` = 61 ) LIMIT 1   [ RunTime:0.001000s ]
SQL: SELECT COUNT(*) AS tp_count FROM `index_relevance` WHERE ( `classify_id` = 218 ) LIMIT 1   [ RunTime:0.000000s ]
SQL: SELECT * FROM `index_input` WHERE ( `input_pid` = 351 )  [ RunTime:0.000000s ]
SQL: SELECT * FROM `index_classify` WHERE ( `classify_pid` = 218 ) LIMIT 1   [ RunTime:0.000000s ]
SQL: SELECT * FROM `index_classify` WHERE ( `classify_pid` = 220 ) LIMIT 1   [ RunTime:0.000000s ]
SQL: SELECT * FROM `index_classify_type` WHERE ( `type_id` = 63 ) LIMIT 1   [ RunTime:0.000000s ]
SQL: SELECT COUNT(*) AS tp_count FROM `index_relevance` WHERE ( `classify_id` = 220 ) LIMIT 1   [ RunTime:0.000000s ]
SQL: SELECT * FROM `index_input` WHERE ( `input_pid` = 351 )  [ RunTime:0.001000s ]
SQL: SELECT * FROM `index_classify` WHERE ( `classify_pid` = 220 ) LIMIT 1   [ RunTime:0.001000s ]
SQL: SELECT * FROM `index_classify` WHERE ( `classify_pid` = 221 ) LIMIT 1   [ RunTime:0.000000s ]
SQL: SELECT * FROM `index_classify_type` WHERE ( `type_id` = 43 ) LIMIT 1   [ RunTime:0.001000s ]
SQL: SELECT COUNT(*) AS tp_count FROM `index_relevance` WHERE ( `classify_id` = 221 ) LIMIT 1   [ RunTime:0.000000s ]
SQL: SELECT * FROM `index_input` WHERE ( `input_pid` = 351 )  [ RunTime:0.000000s ]
SQL: SELECT * FROM `index_classify` WHERE ( `classify_pid` = 221 ) LIMIT 1   [ RunTime:0.001000s ]
SQL: SELECT * FROM `index_classify` WHERE ( `classify_pid` = 4 ) LIMIT 1   [ RunTime:0.000000s ]
SQL: SELECT * FROM `index_classify_type` WHERE ( `type_id` = 13 ) LIMIT 1   [ RunTime:0.000000s ]
SQL: SELECT COUNT(*) AS tp_count FROM `index_relevance` WHERE ( `classify_id` = 4 ) LIMIT 1   [ RunTime:0.000000s ]
SQL: SELECT * FROM `index_input` WHERE ( `input_pid` = 351 )  [ RunTime:0.001000s ]
SQL: SELECT * FROM `index_classify` WHERE ( `classify_pid` = 4 ) LIMIT 1   [ RunTime:0.000000s ]
SQL: SELECT * FROM `index_classify` WHERE ( `classify_pid` = 204 ) LIMIT 1   [ RunTime:0.000000s ]
SQL: SELECT * FROM `index_classify_type` WHERE ( `type_id` = 6 ) LIMIT 1   [ RunTime:0.000000s ]
SQL: SELECT COUNT(*) AS tp_count FROM `index_relevance` WHERE ( `classify_id` = 204 ) LIMIT 1   [ RunTime:0.000000s ]
SQL: SELECT * FROM `index_input` WHERE ( `input_pid` = 351 )  [ RunTime:0.001000s ]
SQL: SELECT * FROM `index_classify` WHERE ( `classify_pid` = 204 ) LIMIT 1   [ RunTime:0.000000s ]
SQL: SELECT * FROM `index_classify` WHERE ( `classify_pid` = 211 ) LIMIT 1   [ RunTime:0.000000s ]
SQL: SELECT * FROM `index_classify_type` WHERE ( `type_id` = 14 ) LIMIT 1   [ RunTime:0.000000s ]
SQL: SELECT COUNT(*) AS tp_count FROM `index_relevance` WHERE ( `classify_id` = 211 ) LIMIT 1   [ RunTime:0.001000s ]
SQL: SELECT * FROM `index_input` WHERE ( `input_pid` = 351 )  [ RunTime:0.000000s ]
SQL: SELECT * FROM `index_classify` WHERE ( `classify_pid` = 211 ) LIMIT 1   [ RunTime:0.000000s ]
SQL: SELECT * FROM `index_classify` WHERE ( `classify_pid` = 212 ) LIMIT 1   [ RunTime:0.000000s ]
SQL: SELECT * FROM `index_classify_type` WHERE ( `type_id` = 3 ) LIMIT 1   [ RunTime:0.001001s ]
SQL: SELECT COUNT(*) AS tp_count FROM `index_relevance` WHERE ( `classify_id` = 212 ) LIMIT 1   [ RunTime:0.000000s ]
SQL: SELECT * FROM `index_input` WHERE ( `input_pid` = 351 )  [ RunTime:0.000000s ]
SQL: SELECT * FROM `index_classify` WHERE ( `classify_pid` = 212 ) LIMIT 1   [ RunTime:0.000000s ]
SQL: SELECT * FROM `index_classify` WHERE ( `classify_pid` = 213 ) LIMIT 1   [ RunTime:0.000000s ]
SQL: SELECT * FROM `index_classify_type` WHERE ( `type_id` = 60 ) LIMIT 1   [ RunTime:0.000000s ]
SQL: SELECT COUNT(*) AS tp_count FROM `index_relevance` WHERE ( `classify_id` = 213 ) LIMIT 1   [ RunTime:0.000000s ]
SQL: SELECT * FROM `index_input` WHERE ( `input_pid` = 351 )  [ RunTime:0.000000s ]
SQL: SELECT * FROM `index_classify` WHERE ( `classify_pid` = 213 ) LIMIT 1   [ RunTime:0.000000s ]
SQL: SELECT * FROM `index_classify` WHERE ( `classify_pid` = 206 ) LIMIT 1   [ RunTime:0.000000s ]
SQL: SELECT * FROM `index_classify_type` WHERE ( `type_id` = 7 ) LIMIT 1   [ RunTime:0.000000s ]
SQL: SELECT COUNT(*) AS tp_count FROM `index_relevance` WHERE ( `classify_id` = 206 ) LIMIT 1   [ RunTime:0.000000s ]
SQL: SELECT * FROM `index_input` WHERE ( `input_pid` = 351 )  [ RunTime:0.001000s ]
SQL: SELECT * FROM `index_classify` WHERE ( `classify_pid` = 206 ) LIMIT 1   [ RunTime:0.000000s ]
SQL: SELECT * FROM `index_classify` WHERE ( `classify_pid` = 219 ) LIMIT 1   [ RunTime:0.000000s ]
SQL: SELECT * FROM `index_classify_type` WHERE ( `type_id` = 62 ) LIMIT 1   [ RunTime:0.000000s ]
SQL: SELECT COUNT(*) AS tp_count FROM `index_relevance` WHERE ( `classify_id` = 219 ) LIMIT 1   [ RunTime:0.001000s ]
SQL: SELECT * FROM `index_input` WHERE ( `input_pid` = 351 )  [ RunTime:0.000000s ]
SQL: SELECT * FROM `index_classify` WHERE ( `classify_pid` = 219 ) LIMIT 1   [ RunTime:0.000000s ]
INFO: ParseTemplate Behavior ::run [ RunTime:0.123007s ]
INFO: [ view_parse ] --END-- [ RunTime:0.123007s ]
INFO: [ view_filter ] --START--
INFO: ContentReplace Behavior ::run [ RunTime:0.001000s ]
INFO: TokenBuild Behavior ::run [ RunTime:0.000000s ]
INFO: WriteHtmlCache Behavior ::run [ RunTime:0.000000s ]
INFO: ShowRuntime Behavior ::run [ RunTime:0.000000s ]
INFO: [ view_filter ] --END-- [ RunTime:0.001000s ]
INFO: [ view_end ] --START--
INFO: ShowPageTrace Behavior ::run [ RunTime:0.000000s ]
INFO: [ view_end ] --END-- [ RunTime:0.000000s ]

[ 2019-08-28T19:10:57+08:00 ] 0.0.0.0 /6911/admin.php?m=content&a=add&type_id=43&classify_id=221&time=1566990654
INFO: [ app_begin ] --START--
INFO: ReadHtmlCache Behavior ::run [ RunTime:0.001000s ]
INFO: [ app_begin ] --END-- [ RunTime:0.001000s ]
NOTIC: [8] Constant THEME_NAME already defined D:\PHP\PHPTutorial\WWW\6911\ThinkPHP\Lib\Core\View.class.php 第 223 行.
NOTIC: [8] Constant THEME_PATH already defined D:\PHP\PHPTutorial\WWW\6911\ThinkPHP\Lib\Core\View.class.php 第 174 行.
NOTIC: [8] Constant APP_TMPL_PATH already defined D:\PHP\PHPTutorial\WWW\6911\ThinkPHP\Lib\Core\View.class.php 第 175 行.
INFO: [ view_parse ] --START--
SQL: SHOW COLUMNS FROM `index_function_switch` [ RunTime:0.008000s ]
SQL: SELECT * FROM `index_function_switch` WHERE ( `function_switch_id` = 1 ) LIMIT 1   [ RunTime:0.001001s ]
SQL: SHOW COLUMNS FROM `index_user_page` [ RunTime:0.008000s ]
SQL: SELECT * FROM `index_user_page` WHERE ( `user_id` = 1 )  [ RunTime:0.001000s ]
NOTIC: [2] Invalid argument supplied for foreach() D:\PHP\PHPTutorial\WWW\6911\Admin\Tpl\public\head.php 第 17 行.
SQL: SHOW COLUMNS FROM `index_site` [ RunTime:0.011001s ]
SQL: SELECT * FROM `index_site` LIMIT 1   [ RunTime:0.002000s ]
SQL: SHOW COLUMNS FROM `index_input` [ RunTime:0.007000s ]
SQL: SELECT * FROM `index_input` WHERE ( `type_id` = 43 ) AND ( `edit_switch` = 2 ) AND (  (`input_pid` is null)  ) ORDER BY date asc  [ RunTime:0.002000s ]
NOTIC: [8] Undefined variable: field_name D:\PHP\PHPTutorial\WWW\6911\Admin\Runtime\Cache\c4d1c3b1b93253e32f2132cefd0ba223.php 第 298 行.
INFO: ParseTemplate Behavior ::run [ RunTime:0.075004s ]
INFO: [ view_parse ] --END-- [ RunTime:0.075004s ]
INFO: [ view_filter ] --START--
INFO: ContentReplace Behavior ::run [ RunTime:0.001000s ]
INFO: TokenBuild Behavior ::run [ RunTime:0.001000s ]
INFO: WriteHtmlCache Behavior ::run [ RunTime:0.001000s ]
INFO: ShowRuntime Behavior ::run [ RunTime:0.001001s ]
INFO: [ view_filter ] --END-- [ RunTime:0.004001s ]
INFO: [ view_end ] --START--
INFO: ShowPageTrace Behavior ::run [ RunTime:0.004000s ]
INFO: [ view_end ] --END-- [ RunTime:0.005000s ]

[ 2019-08-28T19:11:16+08:00 ] 0.0.0.0 /6911/admin.php?m=content&a=add_save
INFO: [ app_begin ] --START--
INFO: ReadHtmlCache Behavior ::run [ RunTime:0.001000s ]
INFO: [ app_begin ] --END-- [ RunTime:0.001000s ]
SQL: SHOW COLUMNS FROM `index_classify_type` [ RunTime:0.004001s ]
SQL: SELECT `table_name` FROM `index_classify_type` WHERE ( `type_id` = 43 ) LIMIT 1   [ RunTime:0.000000s ]
SQL: SHOW COLUMNS FROM `index_download` [ RunTime:0.003000s ]
NOTIC: [8] Undefined variable: content_id D:\PHP\PHPTutorial\WWW\6911\Admin\Lib\Action\contentAction.class.php 第 338 行.
SQL: SELECT * FROM `index_download` WHERE ( `download_id` = null )  [ RunTime:0.000000s ]
SQL: SHOW COLUMNS FROM `index_input` [ RunTime:0.008000s ]
SQL: SELECT * FROM `index_input` WHERE ( `type_id` = 43 ) AND ( `edit_switch` = 2 ) AND ( `input_type_id` = 4 )  [ RunTime:0.001001s ]
NOTIC: [2] Invalid argument supplied for foreach() D:\PHP\PHPTutorial\WWW\6911\Admin\Lib\Action\contentAction.class.php 第 340 行.
SQL: SELECT * FROM `index_input` WHERE ( `type_id` = 43 ) AND ( `edit_switch` = 2 ) AND ( `input_type_id` = 7 )  [ RunTime:0.001000s ]
SQL: SELECT * FROM `index_input` WHERE ( `type_id` = 43 ) AND ( `edit_switch` = 2 ) AND ( `input_type_id` = 8 )  [ RunTime:0.001000s ]
SQL: INSERT INTO `index_download` (`date`,`version_id`,`type_id`,`download_name`,`pv`,`download_number`,`download_content`,`download_date`,`title`,`keywords`,`description`) VALUES (1566990657,1,43,'下载',0,0,'',1388505600,'','','') [ RunTime:0.002000s ]
SQL: SHOW COLUMNS FROM `index_relevance` [ RunTime:0.003000s ]
SQL: INSERT INTO `index_relevance` (`classify_id`,`content_id`,`main_id`,`type_id`) VALUES (221,2,1,43) [ RunTime:0.002000s ]

[ 2019-08-28T19:11:17+08:00 ] 0.0.0.0 /6911/admin.php?m=classify&a=index&admin_classify_id=3
INFO: [ app_begin ] --START--
INFO: ReadHtmlCache Behavior ::run [ RunTime:0.003001s ]
INFO: [ app_begin ] --END-- [ RunTime:0.003001s ]
INFO: [ view_parse ] --START--
SQL: SHOW COLUMNS FROM `index_function_switch` [ RunTime:0.007001s ]
SQL: SELECT * FROM `index_function_switch` WHERE ( `function_switch_id` = 1 ) LIMIT 1   [ RunTime:0.002000s ]
SQL: SHOW COLUMNS FROM `index_user_page` [ RunTime:0.009000s ]
SQL: SELECT * FROM `index_user_page` WHERE ( `user_id` = 1 )  [ RunTime:0.002000s ]
NOTIC: [2] Invalid argument supplied for foreach() D:\PHP\PHPTutorial\WWW\6911\Admin\Tpl\public\head.php 第 17 行.
SQL: SHOW COLUMNS FROM `index_site` [ RunTime:0.006001s ]
SQL: SELECT * FROM `index_site` LIMIT 1   [ RunTime:0.001000s ]
SQL: SELECT * FROM `index_site`  [ RunTime:0.001000s ]
SQL: SHOW COLUMNS FROM `index_admin_classify` [ RunTime:0.007000s ]
SQL: SELECT * FROM `index_admin_classify` WHERE ( `level_id` = 2 ) ORDER BY date asc  [ RunTime:0.002001s ]
SQL: SHOW COLUMNS FROM `index_user_classify` [ RunTime:0.009000s ]
SQL: SELECT * FROM `index_user_classify` WHERE ( `user_id` = 1 ) AND ( `classify_id` = 2 ) LIMIT 1   [ RunTime:0.002000s ]
SQL: SELECT * FROM `index_user_classify` WHERE ( `user_id` = 1 ) AND ( `classify_id` = 3 ) LIMIT 1   [ RunTime:0.001000s ]
SQL: SELECT * FROM `index_user_classify` WHERE ( `user_id` = 1 ) AND ( `classify_id` = 16 ) LIMIT 1   [ RunTime:0.001000s ]
SQL: SELECT * FROM `index_user_classify` WHERE ( `user_id` = 1 ) AND ( `classify_id` = 15 ) LIMIT 1   [ RunTime:0.001000s ]
SQL: SELECT * FROM `index_user_classify` WHERE ( `user_id` = 1 ) AND ( `classify_id` = 20 ) LIMIT 1   [ RunTime:0.001000s ]
SQL: SELECT * FROM `index_user_classify` WHERE ( `user_id` = 1 ) AND ( `classify_id` = 4 ) LIMIT 1   [ RunTime:0.001000s ]
SQL: SELECT * FROM `index_user_classify` WHERE ( `user_id` = 1 ) AND ( `classify_id` = 5 ) LIMIT 1   [ RunTime:0.001000s ]
SQL: SELECT * FROM `index_user_classify` WHERE ( `user_id` = 1 ) AND ( `classify_id` = 23 ) LIMIT 1   [ RunTime:0.001000s ]
SQL: SELECT * FROM `index_admin_classify` WHERE ( `classify_pid` = 3 ) ORDER BY date asc  [ RunTime:0.001000s ]
NOTIC: [2] Invalid argument supplied for foreach() D:\PHP\PHPTutorial\WWW\6911\Admin\Tpl\public\top.php 第 36 行.
SQL: SHOW COLUMNS FROM `index_classify` [ RunTime:0.007000s ]
SQL: SELECT * FROM `index_classify` WHERE ( `classify_pid` = 1 )  [ RunTime:0.003000s ]
SQL: SELECT * FROM `index_site` WHERE ( `version_id` = 1 ) LIMIT 1   [ RunTime:0.005001s ]
NOTIC: [8] Undefined index: gonggao D:\PHP\PHPTutorial\WWW\6911\Admin\Tpl\public\top.php 第 53 行.
SQL: SELECT `level_id`,`classify_id`,`classify_pid` FROM `index_classify` WHERE ( `classify_id` = 0 ) LIMIT 1   [ RunTime:0.001000s ]
SQL: SELECT `classify_id`,`level_id`,`classify_pid`,`type_id`,`classify_name`,`date`,`is_delete`,`classify_img`,`note`,`page_img` FROM `index_classify` WHERE ( `classify_id` = 1 ) AND ( `level_id` > 1 ) ORDER BY date asc  [ RunTime:0.001000s ]
NOTIC: [2] Invalid argument supplied for foreach() D:\PHP\PHPTutorial\WWW\6911\Admin\Runtime\Cache\5564defe1e21527f222900f417fbd662.php 第 31 行.
SQL: SELECT `classify_id`,`level_id`,`classify_pid`,`type_id`,`classify_name`,`date`,`is_delete`,`classify_img`,`note`,`page_img` FROM `index_classify` WHERE ( `version_id` = 1 ) ORDER BY date asc  [ RunTime:0.004000s ]
SQL: SELECT * FROM `index_classify` WHERE ( `classify_pid` = 2 ) LIMIT 1   [ RunTime:0.003000s ]
SQL: SHOW COLUMNS FROM `index_classify_type` [ RunTime:0.006001s ]
SQL: SELECT * FROM `index_classify_type` WHERE ( `type_id` = 13 ) LIMIT 1   [ RunTime:0.001000s ]
SQL: SHOW COLUMNS FROM `index_relevance` [ RunTime:0.005000s ]
SQL: SELECT COUNT(*) AS tp_count FROM `index_relevance` WHERE ( `classify_id` = 2 ) LIMIT 1   [ RunTime:0.001000s ]
SQL: SHOW COLUMNS FROM `index_input` [ RunTime:0.007001s ]
SQL: SELECT * FROM `index_input` WHERE ( `input_pid` = 351 )  [ RunTime:0.002000s ]
SQL: SELECT * FROM `index_classify` WHERE ( `classify_pid` = 2 ) LIMIT 1   [ RunTime:0.002000s ]
SQL: SELECT * FROM `index_classify` WHERE ( `classify_pid` = 207 ) LIMIT 1   [ RunTime:0.001000s ]
SQL: SELECT * FROM `index_classify_type` WHERE ( `type_id` = 13 ) LIMIT 1   [ RunTime:0.001000s ]
SQL: SELECT COUNT(*) AS tp_count FROM `index_relevance` WHERE ( `classify_id` = 207 ) LIMIT 1   [ RunTime:0.001000s ]
SQL: SELECT * FROM `index_input` WHERE ( `input_pid` = 351 )  [ RunTime:0.001000s ]
SQL: SELECT * FROM `index_classify` WHERE ( `classify_pid` = 207 ) LIMIT 1   [ RunTime:0.001000s ]
SQL: SELECT * FROM `index_classify` WHERE ( `classify_pid` = 209 ) LIMIT 1   [ RunTime:0.001000s ]
SQL: SELECT * FROM `index_classify_type` WHERE ( `type_id` = 13 ) LIMIT 1   [ RunTime:0.001000s ]
SQL: SELECT COUNT(*) AS tp_count FROM `index_relevance` WHERE ( `classify_id` = 209 ) LIMIT 1   [ RunTime:0.001000s ]
SQL: SELECT * FROM `index_input` WHERE ( `input_pid` = 351 )  [ RunTime:0.002000s ]
SQL: SELECT * FROM `index_classify` WHERE ( `classify_pid` = 209 ) LIMIT 1   [ RunTime:0.002001s ]
SQL: SELECT * FROM `index_classify` WHERE ( `classify_pid` = 214 ) LIMIT 1   [ RunTime:0.001000s ]
SQL: SELECT * FROM `index_classify_type` WHERE ( `type_id` = 13 ) LIMIT 1   [ RunTime:0.001000s ]
SQL: SELECT COUNT(*) AS tp_count FROM `index_relevance` WHERE ( `classify_id` = 214 ) LIMIT 1   [ RunTime:0.001000s ]
SQL: SELECT * FROM `index_input` WHERE ( `input_pid` = 351 )  [ RunTime:0.002000s ]
SQL: SELECT * FROM `index_classify` WHERE ( `classify_pid` = 214 ) LIMIT 1   [ RunTime:0.001000s ]
SQL: SELECT * FROM `index_classify` WHERE ( `classify_pid` = 215 ) LIMIT 1   [ RunTime:0.002000s ]
SQL: SELECT * FROM `index_classify_type` WHERE ( `type_id` = 13 ) LIMIT 1   [ RunTime:0.001000s ]
SQL: SELECT COUNT(*) AS tp_count FROM `index_relevance` WHERE ( `classify_id` = 215 ) LIMIT 1   [ RunTime:0.001000s ]
SQL: SELECT * FROM `index_input` WHERE ( `input_pid` = 351 )  [ RunTime:0.001000s ]
SQL: SELECT * FROM `index_classify` WHERE ( `classify_pid` = 215 ) LIMIT 1   [ RunTime:0.002000s ]
SQL: SELECT * FROM `index_classify` WHERE ( `classify_pid` = 217 ) LIMIT 1   [ RunTime:0.002000s ]
SQL: SELECT * FROM `index_classify_type` WHERE ( `type_id` = 13 ) LIMIT 1   [ RunTime:0.001001s ]
SQL: SELECT COUNT(*) AS tp_count FROM `index_relevance` WHERE ( `classify_id` = 217 ) LIMIT 1   [ RunTime:0.002000s ]
SQL: SELECT * FROM `index_input` WHERE ( `input_pid` = 351 )  [ RunTime:0.001000s ]
SQL: SELECT * FROM `index_classify` WHERE ( `classify_pid` = 217 ) LIMIT 1   [ RunTime:0.001000s ]
SQL: SELECT * FROM `index_classify` WHERE ( `classify_pid` = 210 ) LIMIT 1   [ RunTime:0.001000s ]
SQL: SELECT * FROM `index_classify_type` WHERE ( `type_id` = 14 ) LIMIT 1   [ RunTime:0.001000s ]
SQL: SELECT COUNT(*) AS tp_count FROM `index_relevance` WHERE ( `classify_id` = 210 ) LIMIT 1   [ RunTime:0.001000s ]
SQL: SELECT * FROM `index_input` WHERE ( `input_pid` = 351 )  [ RunTime:0.001000s ]
SQL: SELECT * FROM `index_classify` WHERE ( `classify_pid` = 210 ) LIMIT 1   [ RunTime:0.000000s ]
SQL: SELECT * FROM `index_classify` WHERE ( `classify_pid` = 218 ) LIMIT 1   [ RunTime:0.001000s ]
SQL: SELECT * FROM `index_classify_type` WHERE ( `type_id` = 61 ) LIMIT 1   [ RunTime:0.000000s ]
SQL: SELECT COUNT(*) AS tp_count FROM `index_relevance` WHERE ( `classify_id` = 218 ) LIMIT 1   [ RunTime:0.001000s ]
SQL: SELECT * FROM `index_input` WHERE ( `input_pid` = 351 )  [ RunTime:0.001000s ]
SQL: SELECT * FROM `index_classify` WHERE ( `classify_pid` = 218 ) LIMIT 1   [ RunTime:0.000000s ]
SQL: SELECT * FROM `index_classify` WHERE ( `classify_pid` = 220 ) LIMIT 1   [ RunTime:0.001000s ]
SQL: SELECT * FROM `index_classify_type` WHERE ( `type_id` = 63 ) LIMIT 1   [ RunTime:0.000000s ]
SQL: SELECT COUNT(*) AS tp_count FROM `index_relevance` WHERE ( `classify_id` = 220 ) LIMIT 1   [ RunTime:0.001000s ]
SQL: SELECT * FROM `index_input` WHERE ( `input_pid` = 351 )  [ RunTime:0.002000s ]
SQL: SELECT * FROM `index_classify` WHERE ( `classify_pid` = 220 ) LIMIT 1   [ RunTime:0.001001s ]
SQL: SELECT * FROM `index_classify` WHERE ( `classify_pid` = 221 ) LIMIT 1   [ RunTime:0.001000s ]
SQL: SELECT * FROM `index_classify_type` WHERE ( `type_id` = 43 ) LIMIT 1   [ RunTime:0.001000s ]
SQL: SELECT COUNT(*) AS tp_count FROM `index_relevance` WHERE ( `classify_id` = 221 ) LIMIT 1   [ RunTime:0.000000s ]
SQL: SELECT * FROM `index_input` WHERE ( `input_pid` = 351 )  [ RunTime:0.001000s ]
SQL: SELECT * FROM `index_classify` WHERE ( `classify_pid` = 221 ) LIMIT 1   [ RunTime:0.000000s ]
SQL: SELECT * FROM `index_classify` WHERE ( `classify_pid` = 4 ) LIMIT 1   [ RunTime:0.001000s ]
SQL: SELECT * FROM `index_classify_type` WHERE ( `type_id` = 13 ) LIMIT 1   [ RunTime:0.000000s ]
SQL: SELECT COUNT(*) AS tp_count FROM `index_relevance` WHERE ( `classify_id` = 4 ) LIMIT 1   [ RunTime:0.000000s ]
SQL: SELECT * FROM `index_input` WHERE ( `input_pid` = 351 )  [ RunTime:0.001000s ]
SQL: SELECT * FROM `index_classify` WHERE ( `classify_pid` = 4 ) LIMIT 1   [ RunTime:0.000000s ]
SQL: SELECT * FROM `index_classify` WHERE ( `classify_pid` = 204 ) LIMIT 1   [ RunTime:0.001000s ]
SQL: SELECT * FROM `index_classify_type` WHERE ( `type_id` = 6 ) LIMIT 1   [ RunTime:0.000000s ]
SQL: SELECT COUNT(*) AS tp_count FROM `index_relevance` WHERE ( `classify_id` = 204 ) LIMIT 1   [ RunTime:0.001000s ]
SQL: SELECT * FROM `index_input` WHERE ( `input_pid` = 351 )  [ RunTime:0.000000s ]
SQL: SELECT * FROM `index_classify` WHERE ( `classify_pid` = 204 ) LIMIT 1   [ RunTime:0.001000s ]
SQL: SELECT * FROM `index_classify` WHERE ( `classify_pid` = 211 ) LIMIT 1   [ RunTime:0.000000s ]
SQL: SELECT * FROM `index_classify_type` WHERE ( `type_id` = 14 ) LIMIT 1   [ RunTime:0.001000s ]
SQL: SELECT COUNT(*) AS tp_count FROM `index_relevance` WHERE ( `classify_id` = 211 ) LIMIT 1   [ RunTime:0.000000s ]
SQL: SELECT * FROM `index_input` WHERE ( `input_pid` = 351 )  [ RunTime:0.001000s ]
SQL: SELECT * FROM `index_classify` WHERE ( `classify_pid` = 211 ) LIMIT 1   [ RunTime:0.001000s ]
SQL: SELECT * FROM `index_classify` WHERE ( `classify_pid` = 212 ) LIMIT 1   [ RunTime:0.000000s ]
SQL: SELECT * FROM `index_classify_type` WHERE ( `type_id` = 3 ) LIMIT 1   [ RunTime:0.001000s ]
SQL: SELECT COUNT(*) AS tp_count FROM `index_relevance` WHERE ( `classify_id` = 212 ) LIMIT 1   [ RunTime:0.000000s ]
SQL: SELECT * FROM `index_input` WHERE ( `input_pid` = 351 )  [ RunTime:0.002000s ]
SQL: SELECT * FROM `index_classify` WHERE ( `classify_pid` = 212 ) LIMIT 1   [ RunTime:0.001000s ]
SQL: SELECT * FROM `index_classify` WHERE ( `classify_pid` = 213 ) LIMIT 1   [ RunTime:0.000000s ]
SQL: SELECT * FROM `index_classify_type` WHERE ( `type_id` = 60 ) LIMIT 1   [ RunTime:0.001001s ]
SQL: SELECT COUNT(*) AS tp_count FROM `index_relevance` WHERE ( `classify_id` = 213 ) LIMIT 1   [ RunTime:0.000000s ]
SQL: SELECT * FROM `index_input` WHERE ( `input_pid` = 351 )  [ RunTime:0.001000s ]
SQL: SELECT * FROM `index_classify` WHERE ( `classify_pid` = 213 ) LIMIT 1   [ RunTime:0.000000s ]
SQL: SELECT * FROM `index_classify` WHERE ( `classify_pid` = 206 ) LIMIT 1   [ RunTime:0.001000s ]
SQL: SELECT * FROM `index_classify_type` WHERE ( `type_id` = 7 ) LIMIT 1   [ RunTime:0.001000s ]
SQL: SELECT COUNT(*) AS tp_count FROM `index_relevance` WHERE ( `classify_id` = 206 ) LIMIT 1   [ RunTime:0.001000s ]
SQL: SELECT * FROM `index_input` WHERE ( `input_pid` = 351 )  [ RunTime:0.001000s ]
SQL: SELECT * FROM `index_classify` WHERE ( `classify_pid` = 206 ) LIMIT 1   [ RunTime:0.000000s ]
SQL: SELECT * FROM `index_classify` WHERE ( `classify_pid` = 219 ) LIMIT 1   [ RunTime:0.001000s ]
SQL: SELECT * FROM `index_classify_type` WHERE ( `type_id` = 62 ) LIMIT 1   [ RunTime:0.001000s ]
SQL: SELECT COUNT(*) AS tp_count FROM `index_relevance` WHERE ( `classify_id` = 219 ) LIMIT 1   [ RunTime:0.000000s ]
SQL: SELECT * FROM `index_input` WHERE ( `input_pid` = 351 )  [ RunTime:0.001000s ]
SQL: SELECT * FROM `index_classify` WHERE ( `classify_pid` = 219 ) LIMIT 1   [ RunTime:0.000000s ]
INFO: ParseTemplate Behavior ::run [ RunTime:0.215012s ]
INFO: [ view_parse ] --END-- [ RunTime:0.215012s ]
INFO: [ view_filter ] --START--
INFO: ContentReplace Behavior ::run [ RunTime:0.001000s ]
INFO: TokenBuild Behavior ::run [ RunTime:0.000000s ]
INFO: WriteHtmlCache Behavior ::run [ RunTime:0.000000s ]
INFO: ShowRuntime Behavior ::run [ RunTime:0.000000s ]
INFO: [ view_filter ] --END-- [ RunTime:0.002000s ]
INFO: [ view_end ] --START--
INFO: ShowPageTrace Behavior ::run [ RunTime:0.001000s ]
INFO: [ view_end ] --END-- [ RunTime:0.001000s ]

[ 2019-08-28T19:11:43+08:00 ] 0.0.0.0 /6911/admin.php?m=classify&a=edit&classify_id=221
INFO: [ app_begin ] --START--
INFO: ReadHtmlCache Behavior ::run [ RunTime:0.001000s ]
INFO: [ app_begin ] --END-- [ RunTime:0.001000s ]
NOTIC: [8] Constant THEME_NAME already defined D:\PHP\PHPTutorial\WWW\6911\ThinkPHP\Lib\Core\View.class.php 第 223 行.
NOTIC: [8] Constant THEME_PATH already defined D:\PHP\PHPTutorial\WWW\6911\ThinkPHP\Lib\Core\View.class.php 第 174 行.
NOTIC: [8] Constant APP_TMPL_PATH already defined D:\PHP\PHPTutorial\WWW\6911\ThinkPHP\Lib\Core\View.class.php 第 175 行.
INFO: [ view_parse ] --START--
SQL: SHOW COLUMNS FROM `index_function_switch` [ RunTime:0.009001s ]
SQL: SELECT * FROM `index_function_switch` WHERE ( `function_switch_id` = 1 ) LIMIT 1   [ RunTime:0.001000s ]
SQL: SHOW COLUMNS FROM `index_user_page` [ RunTime:0.008001s ]
SQL: SELECT * FROM `index_user_page` WHERE ( `user_id` = 1 )  [ RunTime:0.001000s ]
NOTIC: [2] Invalid argument supplied for foreach() D:\PHP\PHPTutorial\WWW\6911\Admin\Tpl\public\head.php 第 17 行.
SQL: SHOW COLUMNS FROM `index_site` [ RunTime:0.007000s ]
SQL: SELECT * FROM `index_site` LIMIT 1   [ RunTime:0.002000s ]
SQL: SHOW COLUMNS FROM `index_classify` [ RunTime:0.010001s ]
SQL: SELECT * FROM `index_classify` WHERE ( `classify_id` = 221 ) LIMIT 1   [ RunTime:0.002000s ]
SQL: SELECT `classify_id`,`level_id`,`classify_pid`,`type_id`,`classify_name` FROM `index_classify` WHERE ( `version_id` = 1 )  [ RunTime:0.002000s ]
SQL: SHOW COLUMNS FROM `index_relevance` [ RunTime:0.004000s ]
SQL: SELECT COUNT(*) AS tp_count FROM `index_relevance` WHERE ( `classify_id` = 221 ) LIMIT 1   [ RunTime:0.000000s ]
SQL: SHOW COLUMNS FROM `index_input` [ RunTime:0.003000s ]
SQL: SELECT * FROM `index_input` WHERE ( `type_id` = 4 ) AND ( `edit_switch` = 2 ) AND (  (`input_pid` is null)  ) ORDER BY date asc  [ RunTime:0.001000s ]
NOTIC: [8] Undefined variable: field_name D:\PHP\PHPTutorial\WWW\6911\Admin\Runtime\Cache\8e87b43eac54823303b8e5741296e940.php 第 311 行.
INFO: ParseTemplate Behavior ::run [ RunTime:0.068003s ]
INFO: [ view_parse ] --END-- [ RunTime:0.068003s ]
INFO: [ view_filter ] --START--
INFO: ContentReplace Behavior ::run [ RunTime:0.000000s ]
INFO: TokenBuild Behavior ::run [ RunTime:0.000000s ]
INFO: WriteHtmlCache Behavior ::run [ RunTime:0.001001s ]
INFO: ShowRuntime Behavior ::run [ RunTime:0.000000s ]
INFO: [ view_filter ] --END-- [ RunTime:0.001001s ]
INFO: [ view_end ] --START--
INFO: ShowPageTrace Behavior ::run [ RunTime:0.000000s ]
INFO: [ view_end ] --END-- [ RunTime:0.000000s ]

[ 2019-08-28T19:11:52+08:00 ] 0.0.0.0 /6911/admin.php?m=content&a=index&type_id=43&classify_id=221
INFO: [ app_begin ] --START--
INFO: ReadHtmlCache Behavior ::run [ RunTime:0.001000s ]
INFO: [ app_begin ] --END-- [ RunTime:0.001000s ]
INFO: [ view_parse ] --START--
SQL: SHOW COLUMNS FROM `index_function_switch` [ RunTime:0.005001s ]
SQL: SELECT * FROM `index_function_switch` WHERE ( `function_switch_id` = 1 ) LIMIT 1   [ RunTime:0.001000s ]
SQL: SHOW COLUMNS FROM `index_user_page` [ RunTime:0.006000s ]
SQL: SELECT * FROM `index_user_page` WHERE ( `user_id` = 1 )  [ RunTime:0.001000s ]
NOTIC: [2] Invalid argument supplied for foreach() D:\PHP\PHPTutorial\WWW\6911\Admin\Tpl\public\head.php 第 17 行.
SQL: SHOW COLUMNS FROM `index_site` [ RunTime:0.007001s ]
SQL: SELECT * FROM `index_site` LIMIT 1   [ RunTime:0.001000s ]
SQL: SELECT * FROM `index_site`  [ RunTime:0.001000s ]
SQL: SHOW COLUMNS FROM `index_admin_classify` [ RunTime:0.005000s ]
SQL: SELECT * FROM `index_admin_classify` WHERE ( `level_id` = 2 ) ORDER BY date asc  [ RunTime:0.002000s ]
SQL: SHOW COLUMNS FROM `index_user_classify` [ RunTime:0.003000s ]
SQL: SELECT * FROM `index_user_classify` WHERE ( `user_id` = 1 ) AND ( `classify_id` = 2 ) LIMIT 1   [ RunTime:0.001000s ]
SQL: SELECT * FROM `index_user_classify` WHERE ( `user_id` = 1 ) AND ( `classify_id` = 3 ) LIMIT 1   [ RunTime:0.000000s ]
SQL: SELECT * FROM `index_user_classify` WHERE ( `user_id` = 1 ) AND ( `classify_id` = 16 ) LIMIT 1   [ RunTime:0.000000s ]
SQL: SELECT * FROM `index_user_classify` WHERE ( `user_id` = 1 ) AND ( `classify_id` = 15 ) LIMIT 1   [ RunTime:0.000000s ]
SQL: SELECT * FROM `index_user_classify` WHERE ( `user_id` = 1 ) AND ( `classify_id` = 20 ) LIMIT 1   [ RunTime:0.001000s ]
SQL: SELECT * FROM `index_user_classify` WHERE ( `user_id` = 1 ) AND ( `classify_id` = 4 ) LIMIT 1   [ RunTime:0.000000s ]
SQL: SELECT * FROM `index_user_classify` WHERE ( `user_id` = 1 ) AND ( `classify_id` = 5 ) LIMIT 1   [ RunTime:0.001000s ]
SQL: SELECT * FROM `index_user_classify` WHERE ( `user_id` = 1 ) AND ( `classify_id` = 23 ) LIMIT 1   [ RunTime:0.000000s ]
SQL: SELECT * FROM `index_admin_classify` WHERE ( `classify_pid` = 3 ) ORDER BY date asc  [ RunTime:0.001000s ]
NOTIC: [2] Invalid argument supplied for foreach() D:\PHP\PHPTutorial\WWW\6911\Admin\Tpl\public\top.php 第 36 行.
SQL: SHOW COLUMNS FROM `index_classify` [ RunTime:0.004000s ]
SQL: SELECT * FROM `index_classify` WHERE ( `classify_pid` = 1 )  [ RunTime:0.002000s ]
SQL: SELECT * FROM `index_site` WHERE ( `version_id` = 1 ) LIMIT 1   [ RunTime:0.001000s ]
NOTIC: [8] Undefined index: gonggao D:\PHP\PHPTutorial\WWW\6911\Admin\Tpl\public\top.php 第 53 行.
SQL: SHOW COLUMNS FROM `index_classify_type` [ RunTime:0.004000s ]
SQL: SELECT `table_name` FROM `index_classify_type` WHERE ( `type_id` = 43 ) LIMIT 1   [ RunTime:0.001000s ]
SQL: SELECT * FROM `index_classify` WHERE ( `classify_id` = 221 ) LIMIT 1   [ RunTime:0.001000s ]
NOTIC: [8] Undefined offset: 43 D:\PHP\PHPTutorial\WWW\6911\Admin\Runtime\Cache\a621e41e0be12d223ab4dc3c031edd67.php 第 76 行.
SQL: SHOW COLUMNS FROM `index_input` [ RunTime:0.005001s ]
SQL: SELECT * FROM `index_input` WHERE ( `type_id` = 43 ) AND ( `list_switch` = 2 ) ORDER BY date asc  [ RunTime:0.001000s ]
SQL: SELECT * FROM index_download c left join index_relevance r on r.content_id = c.download_id WHERE ( r.classify_id = '221' ) AND ( r.type_id = '43' ) ORDER BY c.date desc LIMIT 0,20   [ RunTime:0.005000s ]
SQL: SELECT COUNT(*) AS tp_count FROM index_download c left join index_relevance r on r.content_id = c.download_id WHERE ( r.classify_id = '221' ) AND ( r.type_id = '43' ) LIMIT 1   [ RunTime:0.001000s ]
SQL: SHOW COLUMNS FROM `index_relevance` [ RunTime:0.003000s ]
SQL: SELECT * FROM `index_relevance` WHERE ( `content_id` = 2 ) AND ( `type_id` = 43 ) ORDER BY main_id desc  [ RunTime:0.001000s ]
SQL: SELECT * FROM `index_classify` WHERE ( `classify_id` = 221 ) LIMIT 1   [ RunTime:0.001001s ]
SQL: SELECT * FROM `index_relevance` WHERE ( `content_id` = 1 ) AND ( `type_id` = 43 ) ORDER BY main_id desc  [ RunTime:0.001000s ]
SQL: SELECT * FROM `index_classify` WHERE ( `classify_id` = 221 ) LIMIT 1   [ RunTime:0.001000s ]
SQL: SELECT `classify_id`,`level_id`,`classify_pid`,`type_id`,`classify_name` FROM `index_classify` WHERE ( `version_id` = 1 ) ORDER BY date asc  [ RunTime:0.001000s ]
SQL: SELECT `classify_id`,`level_id`,`classify_pid`,`type_id`,`classify_name` FROM `index_classify` WHERE ( `version_id` = 1 ) ORDER BY date asc  [ RunTime:0.001000s ]
INFO: ParseTemplate Behavior ::run [ RunTime:0.098006s ]
INFO: [ view_parse ] --END-- [ RunTime:0.098006s ]
INFO: [ view_filter ] --START--
INFO: ContentReplace Behavior ::run [ RunTime:0.000000s ]
INFO: TokenBuild Behavior ::run [ RunTime:0.000000s ]
INFO: WriteHtmlCache Behavior ::run [ RunTime:0.001000s ]
INFO: ShowRuntime Behavior ::run [ RunTime:0.001000s ]
INFO: [ view_filter ] --END-- [ RunTime:0.002000s ]
INFO: [ view_end ] --START--
INFO: ShowPageTrace Behavior ::run [ RunTime:0.000000s ]
INFO: [ view_end ] --END-- [ RunTime:0.000000s ]

[ 2019-08-28T19:11:54+08:00 ] 0.0.0.0 /6911/admin.php?m=content&a=edit&type_id=43&classify_id=221&table_name=download&content_id=2&ajax=1&time=1566990712
INFO: [ app_begin ] --START--
INFO: ReadHtmlCache Behavior ::run [ RunTime:0.001000s ]
INFO: [ app_begin ] --END-- [ RunTime:0.001000s ]
NOTIC: [8] Constant THEME_NAME already defined D:\PHP\PHPTutorial\WWW\6911\ThinkPHP\Lib\Core\View.class.php 第 223 行.
NOTIC: [8] Constant THEME_PATH already defined D:\PHP\PHPTutorial\WWW\6911\ThinkPHP\Lib\Core\View.class.php 第 174 行.
NOTIC: [8] Constant APP_TMPL_PATH already defined D:\PHP\PHPTutorial\WWW\6911\ThinkPHP\Lib\Core\View.class.php 第 175 行.
INFO: [ view_parse ] --START--
SQL: SHOW COLUMNS FROM `index_function_switch` [ RunTime:0.008001s ]
SQL: SELECT * FROM `index_function_switch` WHERE ( `function_switch_id` = 1 ) LIMIT 1   [ RunTime:0.001000s ]
SQL: SHOW COLUMNS FROM `index_user_page` [ RunTime:0.016001s ]
SQL: SELECT * FROM `index_user_page` WHERE ( `user_id` = 1 )  [ RunTime:0.002000s ]
NOTIC: [2] Invalid argument supplied for foreach() D:\PHP\PHPTutorial\WWW\6911\Admin\Tpl\public\head.php 第 17 行.
SQL: SHOW COLUMNS FROM `index_site` [ RunTime:0.007000s ]
SQL: SELECT * FROM `index_site` LIMIT 1   [ RunTime:0.002000s ]
SQL: SHOW COLUMNS FROM `index_download` [ RunTime:0.015001s ]
SQL: SELECT * FROM `index_download` WHERE ( `download_id` = 2 ) LIMIT 1   [ RunTime:0.001000s ]
NOTIC: [8] Undefined index: price_array D:\PHP\PHPTutorial\WWW\6911\Admin\Runtime\Cache\42b37364219ebb32cc4050e779229116.php 第 16 行.
SQL: SHOW COLUMNS FROM `index_input` [ RunTime:0.006001s ]
SQL: SELECT * FROM `index_input` WHERE ( `type_id` = 43 ) AND ( `edit_switch` = 2 ) AND (  (`input_pid` is null)  ) ORDER BY date asc  [ RunTime:0.000000s ]
NOTIC: [8] Undefined variable: field_name D:\PHP\PHPTutorial\WWW\6911\Admin\Runtime\Cache\42b37364219ebb32cc4050e779229116.php 第 309 行.
INFO: ParseTemplate Behavior ::run [ RunTime:0.090005s ]
INFO: [ view_parse ] --END-- [ RunTime:0.090005s ]
INFO: [ view_filter ] --START--
INFO: ContentReplace Behavior ::run [ RunTime:0.002000s ]
INFO: TokenBuild Behavior ::run [ RunTime:0.000000s ]
INFO: WriteHtmlCache Behavior ::run [ RunTime:0.001000s ]
INFO: ShowRuntime Behavior ::run [ RunTime:0.001000s ]
INFO: [ view_filter ] --END-- [ RunTime:0.004000s ]
INFO: [ view_end ] --START--
INFO: ShowPageTrace Behavior ::run [ RunTime:0.000000s ]
INFO: [ view_end ] --END-- [ RunTime:0.000000s ]

[ 2019-08-28T19:11:55+08:00 ] 0.0.0.0 /6911/admin.php?m=site&a=content_code&classify_id=221&type_id=43
INFO: [ app_begin ] --START--
INFO: ReadHtmlCache Behavior ::run [ RunTime:0.001000s ]
INFO: [ app_begin ] --END-- [ RunTime:0.001000s ]
SQL: SHOW COLUMNS FROM `index_classify_type` [ RunTime:0.006001s ]
SQL: SELECT `table_name` FROM `index_classify_type` WHERE ( `type_id` = 43 ) LIMIT 1   [ RunTime:0.005000s ]

[ 2019-08-28T19:12:46+08:00 ] 0.0.0.0 /6911/admin.php?m=site&a=classify_children&type_id=43&input_type_id=1&field=download_name
INFO: [ app_begin ] --START--
INFO: ReadHtmlCache Behavior ::run [ RunTime:0.001000s ]
INFO: [ app_begin ] --END-- [ RunTime:0.001000s ]

[ 2019-08-28T19:13:04+08:00 ] 0.0.0.0 /6911/admin.php?m=site&a=classify_children&type_id=43&input_type_id=8&field=download_date
INFO: [ app_begin ] --START--
INFO: ReadHtmlCache Behavior ::run [ RunTime:0.000000s ]
INFO: [ app_begin ] --END-- [ RunTime:0.000000s ]

